<!DOCTYPE html PUBLIC "-//W3C//DTD XHTML 1.1//EN" "http://www.w3.org/TR/xhtml11/DTD/xhtml11.dtd">
<html xmlns="http://www.w3.org/1999/xhtml">
<head>
<meta http-equiv="content-type" content="text/html; charset=UTF-8"/>
<title>TestNG Report</title>
<style type="text/css">table {margin-bottom:10px;border-collapse:collapse;empty-cells:show}th,td {border:1px solid #009;padding:.25em .5em}th {vertical-align:bottom}td {vertical-align:top}table a {font-weight:bold}.stripe td {background-color: #E6EBF9}.num {text-align:right}.passedodd td {background-color: #3F3}.passedeven td {background-color: #0A0}.skippedodd td {background-color: #DDD}.skippedeven td {background-color: #CCC}.failedodd td,.attn {background-color: #F33}.failedeven td,.stripe .attn {background-color: #D00}.stacktrace {white-space:pre;font-family:monospace}.totop {font-size:85%;text-align:center;border-bottom:2px solid #000}.invisible {display:none}</style>
</head>
<body>
<table>
<tr><th>Test</th><th># Passed</th><th># Skipped</th><th># Failed</th><th>Time (ms)</th><th>Included Groups</th><th>Excluded Groups</th></tr>
<tr><th colspan="7">Test SignIn</th></tr>
<tr><td><a href="#t0">Signin</a></td><td class="num">0</td><td class="num attn">1</td><td class="num">0</td><td class="num">47</td><td></td><td></td></tr>
</table>
<table id='summary'><thead><tr><th>Class</th><th>Method</th><th>Start</th><th>Time (ms)</th></tr></thead><tbody><tr><th colspan="4">Test SignIn</th></tr></tbody><tbody id="t0"><tr><th colspan="4">Signin &#8212; failed (configuration methods)</th></tr><tr class="failedeven"><td rowspan="1">WebBrowser.SignIn_Test</td><td><a href="#m0">setup</a></td><td rowspan="1">1730947993665</td><td rowspan="1">9</td></tr><tr><th colspan="4">Signin &#8212; skipped</th></tr><tr class="skippedeven"><td rowspan="1">WebBrowser.SignIn_Test</td><td><a href="#m1">Signin_Admin</a></td><td rowspan="1">1730947993678</td><td rowspan="1">0</td></tr></tbody>
</table>
<h2>Signin</h2><h3 id="m0">WebBrowser.SignIn_Test#setup</h3><table class="result"><tr><th>Exception</th></tr><tr><td><div class="stacktrace">java.lang.AssertionError:  is not supported yet.
	at Core.Support.Selenium.BrowserFactory.initBrowser(BrowserFactory.java:36)
	at Core.Support.General.Hooks.beforeWeb(Hooks.java:34)
	at WebBrowser.SignIn_Test.setup(SignIn_Test.java:16)
... Removed 33 stack frames</div></td></tr></table><p class="totop"><a href="#summary">back to summary</a></p>
<h3 id="m1">WebBrowser.SignIn_Test#Signin_Admin</h3><table class="result"><tr><th>Exception</th></tr><tr><td><div class="stacktrace">java.lang.AssertionError:  is not supported yet.
	at Core.Support.Selenium.BrowserFactory.initBrowser(BrowserFactory.java:36)
	at Core.Support.General.Hooks.beforeWeb(Hooks.java:34)
	at WebBrowser.SignIn_Test.setup(SignIn_Test.java:16)
... Removed 33 stack frames</div></td></tr></table><p class="totop"><a href="#summary">back to summary</a></p>
</body>
</html>
