<?xml version="1.0" encoding="UTF-8"?>
<!-- Generated by org.testng.reporters.JUnitXMLReporter -->
<testsuite ignored="2" hostname="TylerNguyen" failures="0" tests="1" name="Signin" time="0.047" errors="0" timestamp="07 Nov 2024 02:53:13 GMT">
  <testcase classname="WebBrowser.SignIn_Test" name="@BeforeMethod setup" time="0.009">
    <failure type="java.lang.AssertionError" message=" is not supported yet.">
      <![CDATA[java.lang.AssertionError:  is not supported yet.
at Core.Support.Selenium.BrowserFactory.initBrowser(BrowserFactory.java:36)
at Core.Support.General.Hooks.beforeWeb(Hooks.java:34)
at WebBrowser.SignIn_Test.setup(SignIn_Test.java:16)
... Removed 33 stack frames]]>
    </failure>
  </testcase> <!-- @BeforeMethod setup -->
  <testcase classname="WebBrowser.SignIn_Test" name="Signin_Admin" time="0.0">
    <skipped/>
  </testcase> <!-- Signin_Admin -->
  <testcase classname="WebBrowser.SignIn_Test" name="Signin_SystemAdmin" time="0.0">
    <ignored/>
  </testcase> <!-- Signin_SystemAdmin -->
  <testcase classname="WebBrowser.SignIn_Test" name="Signin_User" time="0.0">
    <ignored/>
  </testcase> <!-- Signin_User -->
</testsuite> <!-- Signin -->
